2026-03-09 13:06:11,073 - INFO - TAI v11.0 启动，随机种子设置为: 42
2026-03-09 13:06:11,130 - INFO - 程序启动，数据目录: e:\8终究是8bit的16层世界\data，输出目录: e:\8终究是8bit的16层世界\results
2026-03-09 13:06:11,134 - INFO - 开始处理文件: apery_constant_100000digits.txt
2026-03-09 13:06:11,306 - INFO - 文件 apery_constant_100000digits.txt 读取成功，大小: 104000 字节，比特数: 832000
2026-03-09 13:06:15,279 - INFO - 第一次运算初始化，试验次数: 100
2026-03-09 13:06:54,049 - INFO - 第二次运算初始化
2026-03-09 13:06:59,763 - INFO - 第一次运算初始化，试验次数: 100
2026-03-09 13:07:39,023 - INFO - 第二次运算初始化
2026-03-09 13:07:40,847 - INFO - 文件处理成功: apery_constant_100000digits.txt
2026-03-09 13:07:40,850 - INFO - 开始处理文件: astronomical_unit_high_precision.txt
2026-03-09 13:07:41,018 - INFO - 文件 astronomical_unit_high_precision.txt 读取成功，大小: 100000 字节，比特数: 800000
2026-03-09 13:07:44,806 - INFO - 第一次运算初始化，试验次数: 100
2026-03-09 13:08:24,213 - INFO - 第二次运算初始化
2026-03-09 13:08:29,746 - INFO - 第一次运算初始化，试验次数: 100
2026-03-09 13:09:06,302 - INFO - 第二次运算初始化
2026-03-09 13:09:07,995 - INFO - 文件处理成功: astronomical_unit_high_precision.txt
2026-03-09 13:09:07,996 - INFO - 开始处理文件: avogadro_constant_100k.txt
2026-03-09 13:09:08,140 - INFO - 文件 avogadro_constant_100k.txt 读取成功，大小: 100000 字节，比特数: 800000
2026-03-09 13:09:11,880 - INFO - 第一次运算初始化，试验次数: 100
2026-03-09 13:09:50,686 - INFO - 第二次运算初始化
2026-03-09 13:09:56,934 - INFO - 第一次运算初始化，试验次数: 100
2026-03-09 13:10:36,113 - INFO - 第二次运算初始化
2026-03-09 13:10:37,980 - INFO - 文件处理成功: avogadro_constant_100k.txt
2026-03-09 13:10:37,982 - INFO - 开始处理文件: avogadro_constant_high_precision.txt
2026-03-09 13:10:38,176 - INFO - 文件 avogadro_constant_high_precision.txt 读取成功，大小: 100000 字节，比特数: 800000
2026-03-09 13:10:42,439 - INFO - 第一次运算初始化，试验次数: 100
2026-03-09 13:11:23,188 - INFO - 第二次运算初始化
2026-03-09 13:11:28,717 - INFO - 第一次运算初始化，试验次数: 100
2026-03-09 13:12:05,827 - INFO - 第二次运算初始化
2026-03-09 13:12:07,704 - INFO - 文件处理成功: avogadro_constant_high_precision.txt
2026-03-09 13:12:07,722 - INFO - 开始处理文件: b001620_full.txt
2026-03-09 13:12:08,033 - INFO - 文件 b001620_full.txt 读取成功，大小: 212793 字节，比特数: 1702344
2026-03-09 13:12:16,457 - INFO - 第一次运算初始化，试验次数: 100
2026-03-09 13:13:36,809 - INFO - 第二次运算初始化
2026-03-09 13:13:48,256 - INFO - 第一次运算初始化，试验次数: 100
2026-03-09 13:15:13,283 - INFO - 第二次运算初始化
2026-03-09 13:15:17,210 - INFO - 文件处理成功: b001620_full.txt
2026-03-09 13:15:17,212 - INFO - 开始处理文件: bohr_radius_100k.txt
2026-03-09 13:15:17,368 - INFO - 文件 bohr_radius_100k.txt 读取成功，大小: 100000 字节，比特数: 800000
2026-03-09 13:15:21,291 - INFO - 第一次运算初始化，试验次数: 100
2026-03-09 13:16:00,923 - INFO - 第二次运算初始化
2026-03-09 13:16:06,969 - INFO - 第一次运算初始化，试验次数: 100
2026-03-09 13:16:45,074 - INFO - 第二次运算初始化
2026-03-09 13:16:46,823 - INFO - 文件处理成功: bohr_radius_100k.txt
2026-03-09 13:16:46,837 - INFO - 开始处理文件: bohr_radius_high_precision.txt
2026-03-09 13:16:46,972 - INFO - 文件 bohr_radius_high_precision.txt 读取成功，大小: 100000 字节，比特数: 800000
2026-03-09 13:16:50,557 - INFO - 第一次运算初始化，试验次数: 100
2026-03-09 13:17:29,448 - INFO - 第二次运算初始化
2026-03-09 13:17:35,910 - INFO - 第一次运算初始化，试验次数: 100
2026-03-09 13:18:13,969 - INFO - 第二次运算初始化
2026-03-09 13:18:15,627 - INFO - 文件处理成功: bohr_radius_high_precision.txt
2026-03-09 13:18:15,629 - INFO - 开始处理文件: bohr_radius_precise_100k.txt
2026-03-09 13:18:15,630 - INFO - 文件 bohr_radius_precise_100k.txt 读取成功，大小: 21 字节，比特数: 168
2026-03-09 13:18:15,634 - INFO - 第一次运算初始化，试验次数: 100
2026-03-09 13:18:15,654 - INFO - 第二次运算初始化
2026-03-09 13:18:15,663 - INFO - 第一次运算初始化，试验次数: 100
2026-03-09 13:18:15,700 - INFO - 第二次运算初始化
2026-03-09 13:18:15,707 - INFO - 文件处理成功: bohr_radius_precise_100k.txt
2026-03-09 13:18:15,720 - INFO - 开始处理文件: bohr_radius_theory_100k.txt
2026-03-09 13:18:15,856 - INFO - 文件 bohr_radius_theory_100k.txt 读取成功，大小: 100000 字节，比特数: 800000
2026-03-09 13:18:20,135 - INFO - 第一次运算初始化，试验次数: 100
2026-03-09 13:18:57,942 - INFO - 第二次运算初始化
2026-03-09 13:19:03,831 - INFO - 第一次运算初始化，试验次数: 100
2026-03-09 13:19:42,812 - INFO - 第二次运算初始化
2026-03-09 13:19:44,538 - INFO - 文件处理成功: bohr_radius_theory_100k.txt
2026-03-09 13:19:44,539 - INFO - 开始处理文件: boltzmann_constant_100k.txt
2026-03-09 13:19:44,687 - INFO - 文件 boltzmann_constant_100k.txt 读取成功，大小: 100000 字节，比特数: 800000
2026-03-09 13:19:48,316 - INFO - 第一次运算初始化，试验次数: 100
2026-03-09 13:20:22,158 - INFO - 第二次运算初始化
2026-03-09 13:20:27,043 - INFO - 第一次运算初始化，试验次数: 100
2026-03-09 13:21:00,846 - INFO - 第二次运算初始化
2026-03-09 13:21:02,391 - INFO - 文件处理成功: boltzmann_constant_100k.txt
2026-03-09 13:21:02,400 - INFO - 开始处理文件: boltzmann_constant_high_precision.txt
2026-03-09 13:21:02,537 - INFO - 文件 boltzmann_constant_high_precision.txt 读取成功，大小: 100000 字节，比特数: 800000
2026-03-09 13:21:05,949 - INFO - 第一次运算初始化，试验次数: 100
2026-03-09 13:21:39,058 - INFO - 第二次运算初始化
2026-03-09 13:21:43,963 - INFO - 第一次运算初始化，试验次数: 100
2026-03-09 13:22:17,628 - INFO - 第二次运算初始化
2026-03-09 13:22:19,236 - INFO - 文件处理成功: boltzmann_constant_high_precision.txt
2026-03-09 13:22:19,237 - INFO - 开始处理文件: catalan_generated.txt
2026-03-09 13:22:19,254 - INFO - 文件 catalan_generated.txt 读取成功，大小: 5000 字节，比特数: 40000
2026-03-09 13:22:19,429 - INFO - 第一次运算初始化，试验次数: 100
2026-03-09 13:22:20,840 - INFO - 第二次运算初始化
2026-03-09 13:22:21,083 - INFO - 第一次运算初始化，试验次数: 100
2026-03-09 13:22:22,503 - INFO - 第二次运算初始化
2026-03-09 13:22:22,581 - INFO - 文件处理成功: catalan_generated.txt
2026-03-09 13:22:22,597 - INFO - 开始处理文件: champernowne_generated.txt
2026-03-09 13:22:22,604 - INFO - 文件 champernowne_generated.txt 读取成功，大小: 5000 字节，比特数: 40000
2026-03-09 13:22:22,776 - INFO - 第一次运算初始化，试验次数: 100
2026-03-09 13:22:24,242 - INFO - 第二次运算初始化
2026-03-09 13:22:24,518 - INFO - 第一次运算初始化，试验次数: 100
2026-03-09 13:22:25,885 - INFO - 第二次运算初始化
2026-03-09 13:22:25,968 - INFO - 文件处理成功: champernowne_generated.txt
2026-03-09 13:22:25,968 - INFO - 开始处理文件: classical_electron_radius_100k.txt
2026-03-09 13:22:26,085 - INFO - 文件 classical_electron_radius_100k.txt 读取成功，大小: 100000 字节，比特数: 800000
2026-03-09 13:22:29,494 - INFO - 第一次运算初始化，试验次数: 100
2026-03-09 13:23:05,743 - INFO - 第二次运算初始化
2026-03-09 13:23:11,297 - INFO - 第一次运算初始化，试验次数: 100
2026-03-09 13:23:49,156 - INFO - 第二次运算初始化
2026-03-09 13:23:50,997 - INFO - 文件处理成功: classical_electron_radius_100k.txt
2026-03-09 13:23:51,014 - INFO - 开始处理文件: compton_wavelength_100k.txt
2026-03-09 13:23:51,159 - INFO - 文件 compton_wavelength_100k.txt 读取成功，大小: 100000 字节，比特数: 800000
2026-03-09 13:23:55,120 - INFO - 第一次运算初始化，试验次数: 100
2026-03-09 13:24:31,884 - INFO - 第二次运算初始化
2026-03-09 13:24:37,219 - INFO - 第一次运算初始化，试验次数: 100
2026-03-09 13:25:11,080 - INFO - 第二次运算初始化
2026-03-09 13:25:12,728 - INFO - 文件处理成功: compton_wavelength_100k.txt
2026-03-09 13:25:12,776 - INFO - 开始处理文件: e_100k.txt
2026-03-09 13:25:12,903 - INFO - 文件 e_100k.txt 读取成功，大小: 100000 字节，比特数: 800000
2026-03-09 13:25:16,279 - INFO - 第一次运算初始化，试验次数: 100
2026-03-09 13:25:50,864 - INFO - 第二次运算初始化
2026-03-09 13:25:55,984 - INFO - 第一次运算初始化，试验次数: 100
2026-03-09 13:26:30,780 - INFO - 第二次运算初始化
2026-03-09 13:26:32,489 - INFO - 文件处理成功: e_100k.txt
2026-03-09 13:26:32,492 - INFO - 开始处理文件: e_generated.txt
2026-03-09 13:26:32,505 - INFO - 文件 e_generated.txt 读取成功，大小: 5002 字节，比特数: 40016
2026-03-09 13:26:32,714 - INFO - 第一次运算初始化，试验次数: 100
2026-03-09 13:26:34,506 - INFO - 第二次运算初始化
2026-03-09 13:26:34,790 - INFO - 第一次运算初始化，试验次数: 100
2026-03-09 13:26:36,438 - INFO - 第二次运算初始化
2026-03-09 13:26:36,523 - INFO - 文件处理成功: e_generated.txt
2026-03-09 13:26:36,538 - INFO - 开始处理文件: earthquake_analysis_results.txt
2026-03-09 13:26:36,551 - INFO - 文件 earthquake_analysis_results.txt 读取成功，大小: 1041 字节，比特数: 8328
2026-03-09 13:26:36,589 - INFO - 第一次运算初始化，试验次数: 100
2026-03-09 13:26:36,893 - INFO - 第二次运算初始化
2026-03-09 13:26:36,955 - INFO - 第一次运算初始化，试验次数: 100
2026-03-09 13:26:37,256 - INFO - 第二次运算初始化
2026-03-09 13:26:37,280 - INFO - 文件处理成功: earthquake_analysis_results.txt
2026-03-09 13:26:37,281 - INFO - 开始处理文件: earthquake_time_series_analysis.txt
2026-03-09 13:26:37,326 - INFO - 文件 earthquake_time_series_analysis.txt 读取成功，大小: 18648 字节，比特数: 149184
2026-03-09 13:26:38,001 - INFO - 第一次运算初始化，试验次数: 100
2026-03-09 13:26:44,353 - INFO - 第二次运算初始化
2026-03-09 13:26:45,340 - INFO - 第一次运算初始化，试验次数: 100
2026-03-09 13:26:51,149 - INFO - 第二次运算初始化
2026-03-09 13:26:51,487 - INFO - 文件处理成功: earthquake_time_series_analysis.txt
2026-03-09 13:26:51,510 - INFO - 开始处理文件: earthquake_time_series_analysis_enhanced.txt
2026-03-09 13:26:51,554 - INFO - 文件 earthquake_time_series_analysis_enhanced.txt 读取成功，大小: 14854 字节，比特数: 118832
2026-03-09 13:26:52,180 - INFO - 第一次运算初始化，试验次数: 100
2026-03-09 13:26:57,055 - INFO - 第二次运算初始化
2026-03-09 13:26:58,104 - INFO - 第一次运算初始化，试验次数: 100
2026-03-09 13:27:03,625 - INFO - 第二次运算初始化
2026-03-09 13:27:03,859 - INFO - 文件处理成功: earthquake_time_series_analysis_enhanced.txt
2026-03-09 13:27:03,875 - INFO - 开始处理文件: electron_mass_100k.txt
2026-03-09 13:27:04,015 - INFO - 文件 electron_mass_100k.txt 读取成功，大小: 100000 字节，比特数: 800000
2026-03-09 13:27:07,776 - INFO - 第一次运算初始化，试验次数: 100
2026-03-09 13:27:44,369 - INFO - 第二次运算初始化
2026-03-09 13:27:49,998 - INFO - 第一次运算初始化，试验次数: 100
2026-03-09 13:28:29,768 - INFO - 第二次运算初始化
2026-03-09 13:28:31,436 - INFO - 文件处理成功: electron_mass_100k.txt
2026-03-09 13:28:31,454 - INFO - 开始处理文件: electron_mass_high_precision.txt
2026-03-09 13:28:31,591 - INFO - 文件 electron_mass_high_precision.txt 读取成功，大小: 100000 字节，比特数: 800000
2026-03-09 13:28:35,443 - INFO - 第一次运算初始化，试验次数: 100
2026-03-09 13:29:14,401 - INFO - 第二次运算初始化
2026-03-09 13:29:20,674 - INFO - 第一次运算初始化，试验次数: 100
2026-03-09 13:29:57,607 - INFO - 第二次运算初始化
2026-03-09 13:29:59,428 - INFO - 文件处理成功: electron_mass_high_precision.txt
2026-03-09 13:29:59,438 - INFO - 开始处理文件: elementary_charge_100k.txt
2026-03-09 13:29:59,600 - INFO - 文件 elementary_charge_100k.txt 读取成功，大小: 100000 字节，比特数: 800000
2026-03-09 13:30:03,200 - INFO - 第一次运算初始化，试验次数: 100
2026-03-09 13:30:37,457 - INFO - 第二次运算初始化
2026-03-09 13:30:42,611 - INFO - 第一次运算初始化，试验次数: 100
2026-03-09 13:31:16,386 - INFO - 第二次运算初始化
2026-03-09 13:31:17,996 - INFO - 文件处理成功: elementary_charge_100k.txt
2026-03-09 13:31:17,998 - INFO - 开始处理文件: elementary_charge_high_precision.txt
2026-03-09 13:31:18,146 - INFO - 文件 elementary_charge_high_precision.txt 读取成功，大小: 100000 字节，比特数: 800000
2026-03-09 13:31:21,717 - INFO - 第一次运算初始化，试验次数: 100
2026-03-09 13:31:56,286 - INFO - 第二次运算初始化
2026-03-09 13:32:01,615 - INFO - 第一次运算初始化，试验次数: 100
2026-03-09 13:32:37,577 - INFO - 第二次运算初始化
2026-03-09 13:32:39,386 - INFO - 文件处理成功: elementary_charge_high_precision.txt
2026-03-09 13:32:39,387 - INFO - 开始处理文件: fine_structure_alpha_100k.txt
2026-03-09 13:32:39,389 - INFO - 文件 fine_structure_alpha_100k.txt 读取成功，大小: 20 字节，比特数: 160
2026-03-09 13:32:39,393 - INFO - 第一次运算初始化，试验次数: 100
2026-03-09 13:32:39,414 - INFO - 第二次运算初始化
2026-03-09 13:32:39,427 - INFO - 第一次运算初始化，试验次数: 100
2026-03-09 13:32:39,450 - INFO - 第二次运算初始化
2026-03-09 13:32:39,460 - INFO - 文件处理成功: fine_structure_alpha_100k.txt
2026-03-09 13:32:39,472 - INFO - 开始处理文件: fine_structure_alpha_theory_100k.txt
2026-03-09 13:32:39,474 - INFO - 文件 fine_structure_alpha_theory_100k.txt 读取成功，大小: 21 字节，比特数: 168
2026-03-09 13:32:39,476 - INFO - 第一次运算初始化，试验次数: 100
2026-03-09 13:32:39,502 - INFO - 第二次运算初始化
2026-03-09 13:32:39,510 - INFO - 第一次运算初始化，试验次数: 100
2026-03-09 13:32:39,535 - INFO - 第二次运算初始化
2026-03-09 13:32:39,544 - INFO - 文件处理成功: fine_structure_alpha_theory_100k.txt
2026-03-09 13:32:39,545 - INFO - 开始处理文件: fine_structure_constant_100k.txt
2026-03-09 13:32:39,697 - INFO - 文件 fine_structure_constant_100k.txt 读取成功，大小: 100000 字节，比特数: 800000
2026-03-09 13:32:43,593 - INFO - 第一次运算初始化，试验次数: 100
2026-03-09 13:33:21,477 - INFO - 第二次运算初始化
2026-03-09 13:33:27,759 - INFO - 第一次运算初始化，试验次数: 100
2026-03-09 13:34:07,970 - INFO - 第二次运算初始化
2026-03-09 13:34:10,000 - INFO - 文件处理成功: fine_structure_constant_100k.txt
2026-03-09 13:34:10,007 - INFO - 开始处理文件: fine_structure_constant_high_precision.txt
2026-03-09 13:34:10,164 - INFO - 文件 fine_structure_constant_high_precision.txt 读取成功，大小: 100000 字节，比特数: 800000
2026-03-09 13:34:14,153 - INFO - 第一次运算初始化，试验次数: 100
2026-03-09 13:34:53,592 - INFO - 第二次运算初始化
2026-03-09 13:35:00,054 - INFO - 第一次运算初始化，试验次数: 100
2026-03-09 13:35:43,020 - INFO - 第二次运算初始化
2026-03-09 13:35:44,853 - INFO - 文件处理成功: fine_structure_constant_high_precision.txt
2026-03-09 13:35:44,854 - INFO - 开始处理文件: fine_structure_theory_100k.txt
2026-03-09 13:35:45,007 - INFO - 文件 fine_structure_theory_100k.txt 读取成功，大小: 100000 字节，比特数: 800000
2026-03-09 13:35:48,660 - INFO - 第一次运算初始化，试验次数: 100
2026-03-09 13:36:25,669 - INFO - 第二次运算初始化
2026-03-09 13:36:30,982 - INFO - 第一次运算初始化，试验次数: 100
2026-03-09 13:37:07,306 - INFO - 第二次运算初始化
2026-03-09 13:37:08,973 - INFO - 文件处理成功: fine_structure_theory_100k.txt
2026-03-09 13:37:08,983 - INFO - 开始处理文件: gravitational_constant_100k.txt
2026-03-09 13:37:09,121 - INFO - 文件 gravitational_constant_100k.txt 读取成功，大小: 100000 字节，比特数: 800000
2026-03-09 13:37:12,825 - INFO - 第一次运算初始化，试验次数: 100
2026-03-09 13:37:53,557 - INFO - 第二次运算初始化
2026-03-09 13:37:58,878 - INFO - 第一次运算初始化，试验次数: 100
2026-03-09 13:38:36,382 - INFO - 第二次运算初始化
2026-03-09 13:38:38,235 - INFO - 文件处理成功: gravitational_constant_100k.txt
2026-03-09 13:38:38,236 - INFO - 开始处理文件: gravitational_constant_high_precision.txt
2026-03-09 13:38:38,383 - INFO - 文件 gravitational_constant_high_precision.txt 读取成功，大小: 100000 字节，比特数: 800000
2026-03-09 13:38:42,471 - INFO - 第一次运算初始化，试验次数: 100
2026-03-09 13:39:21,762 - INFO - 第二次运算初始化
2026-03-09 13:39:28,469 - INFO - 第一次运算初始化，试验次数: 100
2026-03-09 13:40:06,204 - INFO - 第二次运算初始化
2026-03-09 13:40:07,906 - INFO - 文件处理成功: gravitational_constant_high_precision.txt
2026-03-09 13:40:07,918 - INFO - 开始处理文件: hubble_constant_100k.txt
2026-03-09 13:40:08,072 - INFO - 文件 hubble_constant_100k.txt 读取成功，大小: 100000 字节，比特数: 800000
2026-03-09 13:40:11,587 - INFO - 第一次运算初始化，试验次数: 100
2026-03-09 13:40:46,787 - INFO - 第二次运算初始化
2026-03-09 13:40:52,176 - INFO - 第一次运算初始化，试验次数: 100
2026-03-09 13:41:27,277 - INFO - 第二次运算初始化
2026-03-09 13:41:28,912 - INFO - 文件处理成功: hubble_constant_100k.txt
2026-03-09 13:41:28,913 - INFO - 开始处理文件: hubble_constant_high_precision.txt
2026-03-09 13:41:29,050 - INFO - 文件 hubble_constant_high_precision.txt 读取成功，大小: 100000 字节，比特数: 800000
2026-03-09 13:41:32,944 - INFO - 第一次运算初始化，试验次数: 100
2026-03-09 13:42:10,259 - INFO - 第二次运算初始化
2026-03-09 13:42:15,642 - INFO - 第一次运算初始化，试验次数: 100
2026-03-09 13:42:53,933 - INFO - 第二次运算初始化
2026-03-09 13:42:55,714 - INFO - 文件处理成功: hubble_constant_high_precision.txt
2026-03-09 13:42:55,732 - INFO - 开始处理文件: impedance_free_space_100k.txt
2026-03-09 13:42:55,870 - INFO - 文件 impedance_free_space_100k.txt 读取成功，大小: 100000 字节，比特数: 800000
2026-03-09 13:42:59,655 - INFO - 第一次运算初始化，试验次数: 100
2026-03-09 13:43:36,320 - INFO - 第二次运算初始化
2026-03-09 13:43:42,043 - INFO - 第一次运算初始化，试验次数: 100
2026-03-09 13:44:19,523 - INFO - 第二次运算初始化
2026-03-09 13:44:21,075 - INFO - 文件处理成功: impedance_free_space_100k.txt
2026-03-09 13:44:21,076 - INFO - 开始处理文件: light_year_100k.txt
2026-03-09 13:44:21,220 - INFO - 文件 light_year_100k.txt 读取成功，大小: 100000 字节，比特数: 800000
2026-03-09 13:44:24,752 - INFO - 第一次运算初始化，试验次数: 100
2026-03-09 13:44:58,115 - INFO - 第二次运算初始化
2026-03-09 13:45:03,274 - INFO - 第一次运算初始化，试验次数: 100
2026-03-09 13:45:36,680 - INFO - 第二次运算初始化
2026-03-09 13:45:38,228 - INFO - 文件处理成功: light_year_100k.txt
2026-03-09 13:45:38,235 - INFO - 开始处理文件: light_year_high_precision.txt
2026-03-09 13:45:38,371 - INFO - 文件 light_year_high_precision.txt 读取成功，大小: 100000 字节，比特数: 800000
2026-03-09 13:45:41,733 - INFO - 第一次运算初始化，试验次数: 100
2026-03-09 13:46:15,657 - INFO - 第二次运算初始化
2026-03-09 13:46:22,122 - INFO - 第一次运算初始化，试验次数: 100
2026-03-09 13:47:00,839 - INFO - 第二次运算初始化
2026-03-09 13:47:02,622 - INFO - 文件处理成功: light_year_high_precision.txt
2026-03-09 13:47:02,623 - INFO - 开始处理文件: neutron_mass_100k.txt
2026-03-09 13:47:02,767 - INFO - 文件 neutron_mass_100k.txt 读取成功，大小: 100000 字节，比特数: 800000
2026-03-09 13:47:06,637 - INFO - 第一次运算初始化，试验次数: 100
2026-03-09 13:47:42,247 - INFO - 第二次运算初始化
2026-03-09 13:47:47,799 - INFO - 第一次运算初始化，试验次数: 100
2026-03-09 13:48:25,231 - INFO - 第二次运算初始化
2026-03-09 13:48:26,932 - INFO - 文件处理成功: neutron_mass_100k.txt
2026-03-09 13:48:26,940 - INFO - 开始处理文件: neutron_mass_high_precision.txt
2026-03-09 13:48:27,076 - INFO - 文件 neutron_mass_high_precision.txt 读取成功，大小: 100000 字节，比特数: 800000
2026-03-09 13:48:30,415 - INFO - 第一次运算初始化，试验次数: 100
2026-03-09 13:49:04,382 - INFO - 第二次运算初始化
2026-03-09 13:49:09,271 - INFO - 第一次运算初始化，试验次数: 100
2026-03-09 13:49:42,667 - INFO - 第二次运算初始化
2026-03-09 13:49:44,181 - INFO - 文件处理成功: neutron_mass_high_precision.txt
2026-03-09 13:49:44,182 - INFO - 开始处理文件: phi_100k.txt
2026-03-09 13:49:44,404 - INFO - 文件 phi_100k.txt 读取成功，大小: 100000 字节，比特数: 800000
2026-03-09 13:49:47,970 - INFO - 第一次运算初始化，试验次数: 100
2026-03-09 13:50:26,902 - INFO - 第二次运算初始化
2026-03-09 13:50:33,645 - INFO - 第一次运算初始化，试验次数: 100
2026-03-09 13:51:10,438 - INFO - 第二次运算初始化
2026-03-09 13:51:12,106 - INFO - 文件处理成功: phi_100k.txt
2026-03-09 13:51:12,111 - INFO - 开始处理文件: phi_digits_1m.txt
2026-03-09 13:51:13,434 - INFO - 文件 phi_digits_1m.txt 读取成功，大小: 1000000 字节，比特数: 8000000
2026-03-09 13:51:54,164 - INFO - 第一次运算初始化，试验次数: 100
2026-03-09 16:52:07,973 - INFO - TAI v11.0 启动，随机种子设置为: 42
2026-03-09 16:52:08,153 - ERROR - 程序异常: 'gbk' codec can't encode character '\U0001f680' in position 0: illegal multibyte sequence
Traceback (most recent call last):
  File "e:\8终究是8bit的16层世界\tai_core.py", line 781, in <module>
    exit_code = main(
                ^^^^^
  File "e:\8终究是8bit的16层世界\tai_core.py", line 597, in main
    print(f"🚀 TAI v{__version__} 三层双向扫描版")
UnicodeEncodeError: 'gbk' codec can't encode character '\U0001f680' in position 0: illegal multibyte sequence
2026-03-09 17:18:23,999 - INFO - TAI v11.0 启动，随机种子设置为: 42
2026-03-09 17:18:25,194 - INFO - 第一次运算初始化，试验次数: 100
2026-03-09 17:18:25,395 - INFO - 第二次运算初始化
2026-03-09 17:18:26,955 - INFO - 第二次运算初始化
2026-03-09 17:37:45,248 - INFO - TAI v11.0 启动，随机种子设置为: 42
2026-03-09 17:38:52,908 - INFO - TAI v11.0 启动，随机种子设置为: 42
2026-03-09 17:41:23,973 - INFO - TAI v11.0 启动，随机种子设置为: 42
2026-03-09 18:56:25,115 - INFO - TAI v11.0 启动，随机种子设置为: 42
2026-03-09 18:56:25,125 - INFO - 第一次运算初始化，试验次数: 100
2026-03-09 18:56:25,125 - INFO - 第二次运算初始化
2026-03-09 18:56:25,204 - INFO - 第一次运算初始化，试验次数: 100
2026-03-09 18:56:25,204 - INFO - 第二次运算初始化
2026-03-09 18:56:25,227 - INFO - 第一次运算初始化，试验次数: 100
2026-03-09 18:56:25,228 - INFO - 第二次运算初始化
2026-03-09 18:56:25,252 - INFO - 第一次运算初始化，试验次数: 100
2026-03-09 18:56:25,252 - INFO - 第二次运算初始化
2026-03-09 18:56:25,276 - INFO - 第一次运算初始化，试验次数: 100
2026-03-09 18:56:25,276 - INFO - 第二次运算初始化
2026-03-09 18:56:25,303 - INFO - 第一次运算初始化，试验次数: 100
2026-03-09 18:56:25,303 - INFO - 第二次运算初始化
2026-03-09 18:56:25,326 - INFO - 第一次运算初始化，试验次数: 100
2026-03-09 18:56:25,327 - INFO - 第二次运算初始化
2026-03-09 18:56:25,351 - INFO - 第一次运算初始化，试验次数: 100
2026-03-09 18:56:25,351 - INFO - 第二次运算初始化
2026-03-09 18:56:25,375 - INFO - 第一次运算初始化，试验次数: 100
2026-03-09 18:56:25,375 - INFO - 第二次运算初始化
2026-03-09 18:56:25,401 - INFO - 第一次运算初始化，试验次数: 100
2026-03-09 18:56:25,402 - INFO - 第二次运算初始化
2026-03-09 18:56:25,427 - INFO - 第一次运算初始化，试验次数: 100
2026-03-09 18:56:25,427 - INFO - 第二次运算初始化
2026-03-09 18:56:25,452 - INFO - 第一次运算初始化，试验次数: 100
2026-03-09 18:56:25,452 - INFO - 第二次运算初始化
2026-03-09 18:56:25,478 - INFO - 第一次运算初始化，试验次数: 100
2026-03-09 18:56:25,479 - INFO - 第二次运算初始化
2026-03-09 18:56:25,504 - INFO - 第一次运算初始化，试验次数: 100
2026-03-09 18:56:25,505 - INFO - 第二次运算初始化
2026-03-09 18:56:25,529 - INFO - 第一次运算初始化，试验次数: 100
2026-03-09 18:56:25,529 - INFO - 第二次运算初始化
2026-03-09 18:56:25,556 - INFO - 第一次运算初始化，试验次数: 100
2026-03-09 18:56:25,568 - INFO - 第二次运算初始化
2026-03-09 18:56:25,592 - INFO - 第一次运算初始化，试验次数: 100
2026-03-09 18:56:25,592 - INFO - 第二次运算初始化
2026-03-09 18:56:25,617 - INFO - 第一次运算初始化，试验次数: 100
2026-03-09 18:56:25,617 - INFO - 第二次运算初始化
2026-03-09 18:56:25,642 - INFO - 第一次运算初始化，试验次数: 100
2026-03-09 18:56:25,642 - INFO - 第二次运算初始化
2026-03-09 18:56:25,666 - INFO - 第一次运算初始化，试验次数: 100
2026-03-09 18:56:25,666 - INFO - 第二次运算初始化
2026-03-09 18:56:25,690 - INFO - 第一次运算初始化，试验次数: 100
2026-03-09 18:56:25,691 - INFO - 第二次运算初始化
2026-03-09 18:56:25,715 - INFO - 第一次运算初始化，试验次数: 100
2026-03-09 18:56:25,716 - INFO - 第二次运算初始化
2026-03-09 18:56:25,741 - INFO - 第一次运算初始化，试验次数: 100
2026-03-09 18:56:25,742 - INFO - 第二次运算初始化
2026-03-09 18:56:25,766 - INFO - 第一次运算初始化，试验次数: 100
2026-03-09 18:56:25,767 - INFO - 第二次运算初始化
2026-03-09 18:56:25,791 - INFO - 第一次运算初始化，试验次数: 100
2026-03-09 18:56:25,792 - INFO - 第二次运算初始化
2026-03-09 18:56:25,816 - INFO - 第一次运算初始化，试验次数: 100
2026-03-09 18:56:25,816 - INFO - 第二次运算初始化
2026-03-09 18:56:25,837 - INFO - 第一次运算初始化，试验次数: 100
2026-03-09 18:56:25,837 - INFO - 第二次运算初始化
2026-03-09 18:56:25,859 - INFO - 第一次运算初始化，试验次数: 100
2026-03-09 18:56:25,859 - INFO - 第二次运算初始化
2026-03-09 18:56:25,882 - INFO - 第一次运算初始化，试验次数: 100
2026-03-09 18:56:25,882 - INFO - 第二次运算初始化
2026-03-09 18:56:25,914 - INFO - 第一次运算初始化，试验次数: 100
2026-03-09 18:56:25,914 - INFO - 第二次运算初始化
2026-03-09 18:56:25,990 - INFO - 第一次运算初始化，试验次数: 100
2026-03-09 18:56:26,024 - INFO - 第二次运算初始化
2026-03-09 18:56:26,124 - INFO - 第一次运算初始化，试验次数: 100
2026-03-09 18:56:26,124 - INFO - 第二次运算初始化
2026-03-09 18:56:26,183 - INFO - 第一次运算初始化，试验次数: 100
2026-03-09 18:56:26,183 - INFO - 第二次运算初始化
2026-03-09 18:56:26,214 - INFO - 第一次运算初始化，试验次数: 100
2026-03-09 18:56:26,214 - INFO - 第二次运算初始化
2026-03-09 18:56:26,244 - INFO - 第一次运算初始化，试验次数: 100
2026-03-09 18:56:26,244 - INFO - 第二次运算初始化
2026-03-09 18:56:26,273 - INFO - 第一次运算初始化，试验次数: 100
2026-03-09 18:56:26,274 - INFO - 第二次运算初始化
2026-03-09 18:56:26,305 - INFO - 第一次运算初始化，试验次数: 100
2026-03-09 18:56:26,306 - INFO - 第二次运算初始化
2026-03-09 18:56:26,335 - INFO - 第一次运算初始化，试验次数: 100
2026-03-09 18:56:26,336 - INFO - 第二次运算初始化
2026-03-09 18:56:26,365 - INFO - 第一次运算初始化，试验次数: 100
2026-03-09 18:56:26,365 - INFO - 第二次运算初始化
2026-03-09 18:56:26,394 - INFO - 第一次运算初始化，试验次数: 100
2026-03-09 18:56:26,394 - INFO - 第二次运算初始化
2026-03-09 18:56:26,421 - INFO - 第一次运算初始化，试验次数: 100
2026-03-09 18:56:26,422 - INFO - 第二次运算初始化
2026-03-09 18:56:26,451 - INFO - 第一次运算初始化，试验次数: 100
2026-03-09 18:56:26,451 - INFO - 第二次运算初始化
2026-03-09 18:56:26,483 - INFO - 第一次运算初始化，试验次数: 100
2026-03-09 18:56:26,483 - INFO - 第二次运算初始化
2026-03-09 18:56:26,513 - INFO - 第一次运算初始化，试验次数: 100
2026-03-09 18:56:26,513 - INFO - 第二次运算初始化
2026-03-09 18:56:26,541 - INFO - 第一次运算初始化，试验次数: 100
2026-03-09 18:56:26,542 - INFO - 第二次运算初始化
2026-03-09 18:56:26,571 - INFO - 第一次运算初始化，试验次数: 100
2026-03-09 18:56:26,572 - INFO - 第二次运算初始化
2026-03-09 18:56:26,602 - INFO - 第一次运算初始化，试验次数: 100
2026-03-09 18:56:26,603 - INFO - 第二次运算初始化
2026-03-09 18:56:26,631 - INFO - 第一次运算初始化，试验次数: 100
2026-03-09 18:56:26,631 - INFO - 第二次运算初始化
2026-03-09 18:56:26,662 - INFO - 第一次运算初始化，试验次数: 100
2026-03-09 18:56:26,662 - INFO - 第二次运算初始化
2026-03-09 18:56:26,689 - INFO - 第一次运算初始化，试验次数: 100
2026-03-09 18:56:26,689 - INFO - 第二次运算初始化
2026-03-09 18:56:26,752 - INFO - 第一次运算初始化，试验次数: 100
2026-03-09 18:56:26,752 - INFO - 第二次运算初始化
2026-03-09 18:56:26,784 - INFO - 第一次运算初始化，试验次数: 100
2026-03-09 18:56:26,785 - INFO - 第二次运算初始化
2026-03-09 18:56:26,812 - INFO - 第一次运算初始化，试验次数: 100
2026-03-09 18:56:26,812 - INFO - 第二次运算初始化
2026-03-09 18:56:26,849 - INFO - 第一次运算初始化，试验次数: 100
2026-03-09 18:56:26,849 - INFO - 第二次运算初始化
2026-03-09 18:56:26,888 - INFO - 第一次运算初始化，试验次数: 100
2026-03-09 18:56:26,888 - INFO - 第二次运算初始化
2026-03-09 18:56:26,921 - INFO - 第一次运算初始化，试验次数: 100
2026-03-09 18:56:26,921 - INFO - 第二次运算初始化
2026-03-09 18:56:26,956 - INFO - 第一次运算初始化，试验次数: 100
2026-03-09 18:56:26,956 - INFO - 第二次运算初始化
2026-03-09 18:56:26,989 - INFO - 第一次运算初始化，试验次数: 100
2026-03-09 18:56:26,989 - INFO - 第二次运算初始化
2026-03-09 18:56:27,025 - INFO - 第一次运算初始化，试验次数: 100
2026-03-09 18:56:27,026 - INFO - 第二次运算初始化
2026-03-09 18:56:27,074 - INFO - 第一次运算初始化，试验次数: 100
2026-03-09 18:56:27,075 - INFO - 第二次运算初始化
2026-03-09 18:59:48,228 - INFO - TAI v11.0 启动，随机种子设置为: 42
2026-03-09 18:59:49,740 - INFO - 第一次运算初始化，试验次数: 100
2026-03-09 18:59:49,988 - INFO - 第二次运算初始化
2026-03-09 18:59:51,770 - INFO - 第二次运算初始化
2026-03-09 19:21:32,046 - INFO - TAI v11.0 启动，随机种子设置为: 42
2026-03-09 19:21:32,120 - INFO - 第二次运算初始化
2026-03-09 19:21:32,282 - INFO - 第二次运算初始化
2026-03-09 19:21:32,406 - INFO - 第二次运算初始化
2026-03-09 19:21:32,533 - INFO - 第二次运算初始化
2026-03-09 19:21:32,811 - INFO - 第二次运算初始化
2026-03-09 19:21:32,937 - INFO - 第二次运算初始化
2026-03-09 19:21:33,139 - INFO - 第二次运算初始化
2026-03-09 19:40:46,851 - INFO - TAI v11.0 启动，随机种子设置为: 42
2026-03-09 19:40:47,159 - INFO - 第二次运算初始化
2026-03-09 19:40:47,842 - INFO - 第二次运算初始化
2026-03-09 19:40:48,550 - INFO - 第二次运算初始化
2026-03-09 19:40:49,050 - INFO - 第二次运算初始化
2026-03-09 19:40:49,522 - INFO - 第二次运算初始化
2026-03-09 19:40:50,014 - INFO - 第二次运算初始化
2026-03-09 19:40:50,488 - INFO - 第二次运算初始化
2026-03-09 19:40:51,007 - INFO - 第二次运算初始化
2026-03-09 19:40:51,546 - INFO - 第二次运算初始化
2026-03-09 19:40:52,034 - INFO - 第二次运算初始化
2026-03-09 19:40:52,538 - INFO - 第二次运算初始化
2026-03-09 19:40:53,055 - INFO - 第二次运算初始化
2026-03-09 19:40:53,550 - INFO - 第二次运算初始化
2026-03-09 19:40:54,025 - INFO - 第二次运算初始化
2026-03-09 19:40:55,428 - INFO - 第二次运算初始化
2026-03-09 19:41:36,231 - INFO - TAI v11.0 启动，随机种子设置为: 42
2026-03-09 19:41:36,420 - INFO - 第二次运算初始化
2026-03-09 19:41:36,944 - INFO - 第二次运算初始化
2026-03-09 19:41:37,456 - INFO - 第二次运算初始化
2026-03-09 19:41:37,981 - INFO - 第二次运算初始化
2026-03-09 19:41:38,502 - INFO - 第二次运算初始化
2026-03-09 19:41:39,029 - INFO - 第二次运算初始化
2026-03-09 19:41:39,522 - INFO - 第二次运算初始化
2026-03-09 19:41:40,054 - INFO - 第二次运算初始化
2026-03-09 19:41:40,565 - INFO - 第二次运算初始化
2026-03-09 19:41:41,097 - INFO - 第二次运算初始化
2026-03-09 19:41:41,606 - INFO - 第二次运算初始化
2026-03-09 19:41:42,191 - INFO - 第二次运算初始化
2026-03-09 19:41:42,730 - INFO - 第二次运算初始化
2026-03-09 19:41:43,244 - INFO - 第二次运算初始化
2026-03-09 19:41:44,707 - INFO - 第二次运算初始化
2026-03-09 19:48:06,121 - INFO - TAI v11.0 启动，随机种子设置为: 42
2026-03-09 19:55:33,051 - INFO - TAI v11.0 启动，随机种子设置为: 42
2026-03-09 20:13:43,880 - INFO - TAI v11.0 启动，随机种子设置为: 42
2026-03-09 20:13:44,099 - INFO - 第二次运算初始化
2026-03-09 20:13:44,682 - INFO - 第二次运算初始化
2026-03-09 20:13:45,222 - INFO - 第二次运算初始化
2026-03-09 20:13:45,755 - INFO - 第二次运算初始化
2026-03-09 20:13:46,291 - INFO - 第二次运算初始化
2026-03-09 20:13:46,834 - INFO - 第二次运算初始化
2026-03-09 20:13:47,368 - INFO - 第二次运算初始化
2026-03-09 20:13:48,006 - INFO - 第二次运算初始化
2026-03-09 20:13:48,563 - INFO - 第二次运算初始化
2026-03-09 20:13:49,085 - INFO - 第二次运算初始化
2026-03-09 20:13:49,614 - INFO - 第二次运算初始化
2026-03-09 20:13:50,145 - INFO - 第二次运算初始化
2026-03-09 20:13:50,667 - INFO - 第二次运算初始化
2026-03-09 20:13:51,214 - INFO - 第二次运算初始化
2026-03-09 20:13:51,768 - INFO - 第二次运算初始化
2026-03-09 20:13:52,312 - INFO - 第二次运算初始化
2026-03-09 20:13:52,834 - INFO - 第二次运算初始化
2026-03-09 20:13:53,360 - INFO - 第二次运算初始化
2026-03-09 20:13:53,870 - INFO - 第二次运算初始化
2026-03-09 20:13:54,377 - INFO - 第二次运算初始化
2026-03-09 20:13:54,872 - INFO - 第二次运算初始化
2026-03-09 20:13:55,423 - INFO - 第二次运算初始化
2026-03-09 20:13:55,936 - INFO - 第二次运算初始化
2026-03-09 20:13:56,528 - INFO - 第二次运算初始化
2026-03-09 20:13:57,068 - INFO - 第二次运算初始化
2026-03-09 20:13:57,596 - INFO - 第二次运算初始化
2026-03-09 20:13:58,124 - INFO - 第二次运算初始化
2026-03-09 20:15:46,068 - INFO - TAI v11.0 启动，随机种子设置为: 42
2026-03-09 20:15:46,363 - INFO - 第二次运算初始化
2026-03-09 20:15:47,023 - INFO - 第二次运算初始化
2026-03-09 20:15:47,590 - INFO - 第二次运算初始化
2026-03-09 20:15:48,156 - INFO - 第二次运算初始化
2026-03-09 20:15:48,756 - INFO - 第二次运算初始化
2026-03-09 20:15:49,334 - INFO - 第二次运算初始化
2026-03-09 20:15:49,918 - INFO - 第二次运算初始化
2026-03-09 20:15:50,490 - INFO - 第二次运算初始化
2026-03-09 20:18:02,716 - INFO - TAI v11.0 启动，随机种子设置为: 42
2026-03-09 20:18:33,987 - INFO - TAI v11.0 启动，随机种子设置为: 42
2026-03-09 20:18:34,211 - INFO - 第二次运算初始化
2026-03-09 20:18:34,762 - INFO - 第二次运算初始化
2026-03-09 20:18:35,348 - INFO - 第二次运算初始化
2026-03-09 21:13:16,380 - INFO - TAI v11.0 启动，随机种子设置为: 42
2026-03-09 21:13:16,493 - INFO - 第二次运算初始化
2026-03-09 21:13:16,862 - INFO - 第二次运算初始化
2026-03-09 21:13:16,941 - INFO - 第二次运算初始化
2026-03-09 21:13:17,012 - INFO - 第二次运算初始化
2026-03-09 21:13:17,078 - INFO - 第二次运算初始化
2026-03-09 21:13:17,142 - INFO - 第二次运算初始化
